Flow report for sha256
Sun Nov 19 20:15:57 2023
Quartus II 64-Bit Version 13.1.0 Build 162 10/23/2013 SJ Web Edition


---------------------
; Table of Contents ;
---------------------
  1. Legal Notice
  2. Flow Summary
  3. Flow Settings
  4. Flow Non-Default Global Settings
  5. Flow Elapsed Time
  6. Flow OS Summary
  7. Flow Log
  8. Flow Messages
  9. Flow Suppressed Messages



----------------
; Legal Notice ;
----------------
Copyright (C) 1991-2013 Altera Corporation
Your use of Altera Corporation's design tools, logic functions 
and other software and tools, and its AMPP partner logic 
functions, and any output files from any of the foregoing 
(including device programming or simulation files), and any 
associated documentation or information are expressly subject 
to the terms and conditions of the Altera Program License 
Subscription Agreement, Altera MegaCore Function License 
Agreement, or other applicable license agreement, including, 
without limitation, that your use is for the sole purpose of 
programming logic devices manufactured by Altera and sold by 
Altera or its authorized distributors.  Please refer to the 
applicable agreement for further details.



+---------------------------------------------------------------------------------+
; Flow Summary                                                                    ;
+------------------------------------+--------------------------------------------+
; Flow Status                        ; Successful - Sun Nov 19 20:15:57 2023      ;
; Quartus II 64-Bit Version          ; 13.1.0 Build 162 10/23/2013 SJ Web Edition ;
; Revision Name                      ; sha256                                     ;
; Top-level Entity Name              ; sha256_top_level                           ;
; Family                             ; Cyclone IV GX                              ;
; Total logic elements               ; 2,553 / 49,888 ( 5 % )                     ;
;     Total combinational functions  ; 2,352 / 49,888 ( 5 % )                     ;
;     Dedicated logic registers      ; 1,067 / 49,888 ( 2 % )                     ;
; Total registers                    ; 1067                                       ;
; Total pins                         ; 260 / 343 ( 76 % )                         ;
; Total virtual pins                 ; 0                                          ;
; Total memory bits                  ; 71,680 / 2,562,048 ( 3 % )                 ;
; Embedded Multiplier 9-bit elements ; 0 / 280 ( 0 % )                            ;
; Total GXB Receiver Channel PCS     ; 0 / 8 ( 0 % )                              ;
; Total GXB Receiver Channel PMA     ; 0 / 8 ( 0 % )                              ;
; Total GXB Transmitter Channel PCS  ; 0 / 8 ( 0 % )                              ;
; Total GXB Transmitter Channel PMA  ; 0 / 8 ( 0 % )                              ;
; Total PLLs                         ; 0 / 8 ( 0 % )                              ;
; Device                             ; EP4CGX50DF27C6                             ;
; Timing Models                      ; Final                                      ;
+------------------------------------+--------------------------------------------+


+-----------------------------------------+
; Flow Settings                           ;
+-------------------+---------------------+
; Option            ; Setting             ;
+-------------------+---------------------+
; Start date & time ; 11/19/2023 20:14:58 ;
; Main task         ; Compilation         ;
; Revision Name     ; sha256              ;
+-------------------+---------------------+


+--------------------------------------------------------------------------------------------------------------------------+
; Flow Non-Default Global Settings                                                                                         ;
+-------------------------------------+--------------------------------+---------------+------------------+----------------+
; Assignment Name                     ; Value                          ; Default Value ; Entity Name      ; Section Id     ;
+-------------------------------------+--------------------------------+---------------+------------------+----------------+
; COMPILER_SIGNATURE_ID               ; 13432881294342.170043569805752 ; --            ; --               ; --             ;
; EDA_OUTPUT_DATA_FORMAT              ; Vhdl                           ; --            ; --               ; eda_simulation ;
; EDA_SIMULATION_TOOL                 ; ModelSim-Altera (VHDL)         ; <None>        ; --               ; --             ;
; IP_TOOL_NAME                        ; RAM: 1-PORT                    ; --            ; --               ; --             ;
; IP_TOOL_NAME                        ; RAM: 1-PORT                    ; --            ; --               ; --             ;
; IP_TOOL_NAME                        ; RAM: 1-PORT                    ; --            ; --               ; --             ;
; IP_TOOL_NAME                        ; RAM: 1-PORT                    ; --            ; --               ; --             ;
; IP_TOOL_NAME                        ; RAM: 1-PORT                    ; --            ; --               ; --             ;
; IP_TOOL_VERSION                     ; 13.1                           ; --            ; --               ; --             ;
; IP_TOOL_VERSION                     ; 13.1                           ; --            ; --               ; --             ;
; IP_TOOL_VERSION                     ; 13.1                           ; --            ; --               ; --             ;
; IP_TOOL_VERSION                     ; 13.1                           ; --            ; --               ; --             ;
; IP_TOOL_VERSION                     ; 13.1                           ; --            ; --               ; --             ;
; MISC_FILE                           ; ram.cmp                        ; --            ; --               ; --             ;
; MISC_FILE                           ; ram_8.cmp                      ; --            ; --               ; --             ;
; MISC_FILE                           ; ram_k.cmp                      ; --            ; --               ; --             ;
; MISC_FILE                           ; ram_h.cmp                      ; --            ; --               ; --             ;
; MISC_FILE                           ; ram_32.cmp                     ; --            ; --               ; --             ;
; PARTITION_COLOR                     ; 16764057                       ; --            ; sha256_top_level ; Top            ;
; PARTITION_FITTER_PRESERVATION_LEVEL ; PLACEMENT_AND_ROUTING          ; --            ; sha256_top_level ; Top            ;
; PARTITION_NETLIST_TYPE              ; SOURCE                         ; --            ; sha256_top_level ; Top            ;
; PROJECT_OUTPUT_DIRECTORY            ; output_files                   ; --            ; --               ; --             ;
; TOP_LEVEL_ENTITY                    ; sha256_top_level               ; sha256        ; --               ; --             ;
+-------------------------------------+--------------------------------+---------------+------------------+----------------+


+-------------------------------------------------------------------------------------------------------------------------------+
; Flow Elapsed Time                                                                                                             ;
+---------------------------+--------------+-------------------------+---------------------+------------------------------------+
; Module Name               ; Elapsed Time ; Average Processors Used ; Peak Virtual Memory ; Total CPU Time (on all processors) ;
+---------------------------+--------------+-------------------------+---------------------+------------------------------------+
; Analysis & Synthesis      ; 00:00:10     ; 1.0                     ; 4764 MB             ; 00:00:07                           ;
; Fitter                    ; 00:00:32     ; 1.0                     ; 5186 MB             ; 00:00:28                           ;
; Assembler                 ; 00:00:04     ; 1.0                     ; 4651 MB             ; 00:00:03                           ;
; TimeQuest Timing Analyzer ; 00:00:05     ; 1.0                     ; 4700 MB             ; 00:00:03                           ;
; EDA Netlist Writer        ; 00:00:03     ; 1.0                     ; 4640 MB             ; 00:00:03                           ;
; Total                     ; 00:00:54     ; --                      ; --                  ; 00:00:44                           ;
+---------------------------+--------------+-------------------------+---------------------+------------------------------------+


+----------------------------------------------------------------------------------------+
; Flow OS Summary                                                                        ;
+---------------------------+------------------+-----------+------------+----------------+
; Module Name               ; Machine Hostname ; OS Name   ; OS Version ; Processor type ;
+---------------------------+------------------+-----------+------------+----------------+
; Analysis & Synthesis      ; Anderson         ; Windows 7 ; 6.2        ; x86_64         ;
; Fitter                    ; Anderson         ; Windows 7 ; 6.2        ; x86_64         ;
; Assembler                 ; Anderson         ; Windows 7 ; 6.2        ; x86_64         ;
; TimeQuest Timing Analyzer ; Anderson         ; Windows 7 ; 6.2        ; x86_64         ;
; EDA Netlist Writer        ; Anderson         ; Windows 7 ; 6.2        ; x86_64         ;
+---------------------------+------------------+-----------+------------+----------------+


------------
; Flow Log ;
------------
quartus_map --read_settings_files=on --write_settings_files=off sha256 -c sha256
quartus_fit --read_settings_files=off --write_settings_files=off sha256 -c sha256
quartus_asm --read_settings_files=off --write_settings_files=off sha256 -c sha256
quartus_sta sha256 -c sha256
quartus_eda --read_settings_files=off --write_settings_files=off sha256 -c sha256



